时间:2019-06-04 17:36:14,248 级别:INFO 消息：token写入成功
时间:2019-06-04 17:43:15,828 级别:INFO 消息：token写入成功
时间:2019-06-04 17:46:22,513 级别:INFO 消息：token写入成功
时间:2019-06-04 17:46:22,516 级别:INFO 消息：读取token成功

时间:2019-06-04 21:49:14,360 级别:ERROR 消息：sql
时间:2019-06-04 21:53:19,868 级别:INFO 消息：链接数据库mytest成功
时间:2019-06-04 21:54:17,041 级别:ERROR 消息：sql
时间:2019-06-04 22:20:23,507 级别:INFO 消息：链接数据库mytest成功
时间:2019-06-04 22:22:40,831 级别:INFO 消息：链接数据库mytest成功
时间:2019-06-04 22:28:22,611 级别:INFO 消息：链接数据库mytest成功
时间:2019-06-04 22:28:34,793 级别:INFO 消息：链接数据库mytest成功
时间:2019-06-04 22:29:05,913 级别:INFO 消息：链接数据库mytest成功
时间:2019-06-04 22:30:26,137 级别:INFO 消息：链接数据库mytest成功
时间:2019-06-04 22:30:46,109 级别:INFO 消息：链接数据库mytest成功
时间:2019-06-04 22:32:25,941 级别:INFO 消息：链接数据库mytest成功
时间:2019-06-04 22:32:28,791 级别:INFO 消息：链接数据库mytest成功
时间:2019-06-04 22:34:58,389 级别:INFO 消息：链接数据库mytest成功
时间:2019-06-04 22:36:32,894 级别:INFO 消息：链接数据库mytest成功
时间:2019-06-04 22:37:04,469 级别:INFO 消息：链接数据库mytest成功
时间:2019-06-04 22:40:14,478 级别:INFO 消息：链接数据库mytest成功
时间:2019-06-04 22:48:48,200 级别:INFO 消息：链接数据库mytest成功
时间:2019-06-04 22:49:10,928 级别:INFO 消息：链接数据库mytest成功
时间:2019-06-04 22:49:10,929 级别:INFO 消息：数据库SELECT * FROM emp WHERE sal>1000查询成功
时间:2019-06-04 22:49:10,929 级别:INFO 消息：数据库SELECT * FROM emp WHERE sal>1000查询成功
时间:2019-06-04 22:49:10,929 级别:INFO 消息：数据库SELECT * FROM emp WHERE sal>1000查询成功
时间:2019-06-04 22:49:10,929 级别:INFO 消息：数据库SELECT * FROM emp WHERE sal>1000查询成功
时间:2019-06-04 22:49:10,929 级别:INFO 消息：数据库SELECT * FROM emp WHERE sal>1000查询成功
时间:2019-06-04 22:49:10,929 级别:INFO 消息：数据库SELECT * FROM emp WHERE sal>1000查询成功
时间:2019-06-04 22:49:10,929 级别:INFO 消息：数据库SELECT * FROM emp WHERE sal>1000查询成功
时间:2019-06-04 22:49:10,929 级别:INFO 消息：数据库SELECT * FROM emp WHERE sal>1000查询成功
时间:2019-06-04 22:49:10,930 级别:INFO 消息：数据库SELECT * FROM emp WHERE sal>1000查询成功
时间:2019-06-04 22:49:10,930 级别:INFO 消息：数据库SELECT * FROM emp WHERE sal>1000查询成功
时间:2019-06-04 22:49:10,930 级别:INFO 消息：数据库SELECT * FROM emp WHERE sal>1000查询成功
时间:2019-06-04 22:49:10,930 级别:INFO 消息：数据库SELECT * FROM emp WHERE sal>1000查询成功
时间:2019-06-04 22:50:07,699 级别:INFO 消息：链接数据库mytest成功
时间:2019-06-04 22:50:07,767 级别:INFO 消息：数据库mytest查询成功
时间:2019-06-04 22:50:07,767 级别:INFO 消息：数据库mytest查询成功
时间:2019-06-04 22:50:07,767 级别:INFO 消息：数据库mytest查询成功
时间:2019-06-04 22:50:07,767 级别:INFO 消息：数据库mytest查询成功
时间:2019-06-04 22:50:07,767 级别:INFO 消息：数据库mytest查询成功
时间:2019-06-04 22:50:07,768 级别:INFO 消息：数据库mytest查询成功
时间:2019-06-04 22:50:07,768 级别:INFO 消息：数据库mytest查询成功
时间:2019-06-04 22:50:07,768 级别:INFO 消息：数据库mytest查询成功
时间:2019-06-04 22:50:07,768 级别:INFO 消息：数据库mytest查询成功
时间:2019-06-04 22:50:07,768 级别:INFO 消息：数据库mytest查询成功
时间:2019-06-04 22:50:07,768 级别:INFO 消息：数据库mytest查询成功
时间:2019-06-04 22:50:07,768 级别:INFO 消息：数据库mytest查询成功
时间:2019-06-04 22:51:05,556 级别:INFO 消息：链接数据库mytest成功
时间:2019-06-04 22:52:18,427 级别:INFO 消息：链接数据库mytest成功
时间:2019-06-04 22:52:19,133 级别:INFO 消息：数据库mytest查询成功
时间:2019-06-04 22:53:25,870 级别:INFO 消息：链接数据库mytest成功
时间:2019-06-04 22:53:25,872 级别:INFO 消息：数据库mytest查询成功
时间:2019-06-04 22:56:32,698 级别:INFO 消息：链接数据库mytest成功
时间:2019-06-04 22:56:32,705 级别:INFO 消息：数据库mytest查询成功
时间:2019-06-04 22:57:07,648 级别:INFO 消息：链接数据库mytest成功
时间:2019-06-04 22:57:07,738 级别:INFO 消息：数据库mytest查询成功
时间:2019-06-04 22:58:34,828 级别:INFO 消息：链接数据库mytest成功
时间:2019-06-04 22:58:34,974 级别:INFO 消息：数据库mytest查询成功
时间:2019-06-04 22:58:55,483 级别:INFO 消息：链接数据库mytest成功
时间:2019-06-04 22:58:55,492 级别:INFO 消息：数据库mytest查询成功
时间:2019-06-04 22:59:10,843 级别:INFO 消息：链接数据库mytest成功
时间:2019-06-04 22:59:10,926 级别:INFO 消息：数据库mytest查询成功
时间:2019-06-04 23:00:22,313 级别:INFO 消息：链接数据库mytest成功
时间:2019-06-04 23:00:22,396 级别:INFO 消息：数据库mytest查询成功
时间:2019-06-04 23:01:29,967 级别:INFO 消息：链接数据库mytest成功
时间:2019-06-04 23:01:30,086 级别:INFO 消息：数据库mytest查询成功
时间:2019-06-04 23:02:00,389 级别:INFO 消息：链接数据库mytest成功
时间:2019-06-04 23:02:00,673 级别:INFO 消息：数据库mytest查询成功
时间:2019-06-04 23:02:35,168 级别:INFO 消息：链接数据库mytest成功
时间:2019-06-04 23:02:35,246 级别:INFO 消息：数据库mytest查询成功
时间:2019-06-04 23:02:44,602 级别:INFO 消息：链接数据库mytest成功
时间:2019-06-04 23:02:44,812 级别:INFO 消息：数据库mytest查询成功
时间:2019-06-04 23:03:34,870 级别:INFO 消息：链接数据库mytest成功
时间:2019-06-04 23:03:35,070 级别:INFO 消息：数据库mytest查询成功
时间:2019-06-04 23:04:19,737 级别:INFO 消息：链接数据库mytest成功
时间:2019-06-04 23:04:19,942 级别:INFO 消息：数据库mytest查询成功
时间:2019-06-04 23:05:53,965 级别:INFO 消息：链接数据库mytest成功
时间:2019-06-04 23:05:54,134 级别:INFO 消息：数据库mytest查询成功
时间:2019-06-04 23:06:44,772 级别:INFO 消息：链接数据库mytest成功
时间:2019-06-04 23:06:44,773 级别:INFO 消息：数据库mytest查询成功
时间:2019-06-04 23:06:44,773 级别:INFO 消息：数据库mytest查询成功
时间:2019-06-04 23:06:44,773 级别:INFO 消息：数据库mytest查询成功
时间:2019-06-04 23:06:44,773 级别:INFO 消息：数据库mytest查询成功
时间:2019-06-04 23:06:44,773 级别:INFO 消息：数据库mytest查询成功
时间:2019-06-04 23:06:44,773 级别:INFO 消息：数据库mytest查询成功
时间:2019-06-04 23:06:44,774 级别:INFO 消息：数据库mytest查询成功
时间:2019-06-04 23:06:44,774 级别:INFO 消息：数据库mytest查询成功
时间:2019-06-04 23:06:44,774 级别:INFO 消息：数据库mytest查询成功
时间:2019-06-04 23:06:44,774 级别:INFO 消息：数据库mytest查询成功
时间:2019-06-04 23:06:44,774 级别:INFO 消息：数据库mytest查询成功
时间:2019-06-04 23:06:44,774 级别:INFO 消息：数据库mytest查询成功
时间:2019-06-04 23:10:56,973 级别:INFO 消息：链接数据库mytest成功
时间:2019-06-04 23:10:56,976 级别:INFO 消息：数据库mytest查询成功
时间:2019-06-04 23:10:56,996 级别:INFO 消息：数据库mytest查询成功
时间:2019-06-04 23:10:57,011 级别:INFO 消息：数据库mytest查询成功
时间:2019-06-04 23:10:57,020 级别:INFO 消息：数据库mytest查询成功
时间:2019-06-04 23:10:57,037 级别:INFO 消息：数据库mytest查询成功
时间:2019-06-04 23:10:57,047 级别:INFO 消息：数据库mytest查询成功
时间:2019-06-04 23:10:57,057 级别:INFO 消息：数据库mytest查询成功
时间:2019-06-04 23:10:57,067 级别:INFO 消息：数据库mytest查询成功
时间:2019-06-04 23:10:57,080 级别:INFO 消息：数据库mytest查询成功
时间:2019-06-04 23:10:57,089 级别:INFO 消息：数据库mytest查询成功
时间:2019-06-04 23:10:57,099 级别:INFO 消息：数据库mytest查询成功
时间:2019-06-04 23:10:57,108 级别:INFO 消息：数据库mytest查询成功
时间:2019-06-04 23:13:00,502 级别:INFO 消息：链接数据库mytest成功
时间:2019-06-04 23:13:26,254 级别:INFO 消息：链接数据库mytest成功
时间:2019-06-04 23:16:24,834 级别:INFO 消息：链接数据库mytest成功
时间:2019-06-04 23:17:07,691 级别:INFO 消息：链接数据库mytest成功
时间:2019-06-04 23:17:07,717 级别:INFO 消息：数据库mytest查询成功
时间:2019-06-04 23:17:07,747 级别:INFO 消息：数据库mytest查询成功
时间:2019-06-04 23:17:07,755 级别:INFO 消息：数据库mytest查询成功
时间:2019-06-04 23:17:07,768 级别:INFO 消息：数据库mytest查询成功
时间:2019-06-04 23:17:07,777 级别:INFO 消息：数据库mytest查询成功
时间:2019-06-04 23:17:07,784 级别:INFO 消息：数据库mytest查询成功
时间:2019-06-04 23:17:07,792 级别:INFO 消息：数据库mytest查询成功
时间:2019-06-04 23:17:07,800 级别:INFO 消息：数据库mytest查询成功
时间:2019-06-04 23:17:07,812 级别:INFO 消息：数据库mytest查询成功
时间:2019-06-04 23:17:07,823 级别:INFO 消息：数据库mytest查询成功
时间:2019-06-04 23:17:07,835 级别:INFO 消息：数据库mytest查询成功
时间:2019-06-04 23:17:07,845 级别:INFO 消息：数据库mytest查询成功
时间:2019-06-04 23:17:44,688 级别:INFO 消息：链接数据库mytest成功
时间:2019-06-04 23:17:44,690 级别:INFO 消息：数据库mytest查询成功
时间:2019-06-04 23:17:44,690 级别:INFO 消息：数据库mytest查询成功
时间:2019-06-04 23:17:44,711 级别:INFO 消息：数据库mytest查询成功
时间:2019-06-04 23:17:44,722 级别:INFO 消息：数据库mytest查询成功
时间:2019-06-04 23:17:44,737 级别:INFO 消息：数据库mytest查询成功
时间:2019-06-04 23:17:44,748 级别:INFO 消息：数据库mytest查询成功
时间:2019-06-04 23:17:44,759 级别:INFO 消息：数据库mytest查询成功
时间:2019-06-04 23:17:44,775 级别:INFO 消息：数据库mytest查询成功
时间:2019-06-04 23:17:44,786 级别:INFO 消息：数据库mytest查询成功
时间:2019-06-04 23:17:44,801 级别:INFO 消息：数据库mytest查询成功
时间:2019-06-04 23:17:44,815 级别:INFO 消息：数据库mytest查询成功
时间:2019-06-04 23:17:44,829 级别:INFO 消息：数据库mytest查询成功
时间:2019-06-04 23:17:44,841 级别:INFO 消息：数据库mytest查询成功
时间:2019-06-04 23:18:22,878 级别:INFO 消息：链接数据库mytest成功
时间:2019-06-04 23:18:22,887 级别:INFO 消息：数据库mytest查询成功
时间:2019-06-04 23:20:27,031 级别:INFO 消息：链接数据库mytest成功
时间:2019-06-04 23:20:27,034 级别:INFO 消息：数据库mytest查询成功
时间:2019-06-04 23:21:16,628 级别:INFO 消息：链接数据库mytest成功
时间:2019-06-04 23:21:16,629 级别:INFO 消息：数据库mytest查询成功
时间:2019-06-04 23:21:18,440 级别:INFO 消息：链接数据库mytest成功
时间:2019-06-04 23:21:18,446 级别:INFO 消息：数据库mytest查询成功
时间:2019-06-04 23:22:35,210 级别:INFO 消息：链接数据库mytest成功
时间:2019-06-04 23:22:35,317 级别:INFO 消息：数据库mytest查询成功
时间:2019-06-04 23:22:36,823 级别:INFO 消息：链接数据库mytest成功
时间:2019-06-04 23:22:36,824 级别:INFO 消息：数据库mytest查询成功
时间:2019-06-04 23:23:18,243 级别:INFO 消息：链接数据库mytest成功
时间:2019-06-04 23:23:18,244 级别:INFO 消息：数据库mytest查询成功
时间:2019-06-04 23:23:51,488 级别:INFO 消息：链接数据库mytest成功
时间:2019-06-04 23:23:51,489 级别:INFO 消息：数据库mytest查询成功
时间:2019-06-04 23:28:15,106 级别:INFO 消息：链接数据库mytest成功
时间:2019-06-04 23:28:15,111 级别:INFO 消息：数据库mytest查询成功
时间:2019-06-04 23:28:58,905 级别:INFO 消息：链接数据库mytest成功
时间:2019-06-04 23:28:58,906 级别:INFO 消息：数据库mytest查询成功
时间:2019-06-04 23:32:48,313 级别:INFO 消息：链接数据库mytest成功
时间:2019-06-04 23:32:48,314 级别:INFO 消息：数据库mytest查询成功
时间:2019-06-04 23:34:21,521 级别:INFO 消息：链接数据库mytest成功
时间:2019-06-04 23:34:21,537 级别:INFO 消息：数据库mytest查询成功
时间:2019-06-04 23:35:14,601 级别:INFO 消息：链接数据库mytest成功
时间:2019-06-04 23:35:14,602 级别:INFO 消息：数据库mytest查询成功
